#auto generated file!
180.0;61;117;122
186.0;62;119;119
192.0;63;119;118
198.0;65;121;114
204.0;65;122;113
210.0;67;123;110
216.0;68;125;107
222.0;68;127;105
228.0;68;128;104
234.0;68;131;101
240.0;73;128;99
246.0;76;127;97
252.0;78;124;98
258.0;80;123;97
264.0;79;123;98
270.0;80;122;98
276.0;79;124;97
282.0;81;124;95
288.0;82;122;96
294.0;85;120;95
300.0;90;116;94
306.0;88;117;95
312.0;89;116;95
318.0;88;116;96
324.0;88;117;95
330.0;89;114;97
336.0;89;108;103
342.0;89;106;105
348.0;91;110;99
354.0;92;108;100
360.0;94;106;100
366.0;94;105;101
372.0;95;104;101
378.0;93;102;105
384.0;92;103;105
390.0;92;103;105
396.0;93;104;103
402.0;94;103;103
408.0;93;104;103
414.0;94;103;103
420.0;95;100;105
426.0;97;102;101
432.0;98;101;101
438.0;97;103;100
444.0;99;104;97
450.0;98;104;98
456.0;98;104;98
462.0;96;104;100
468.0;96;103;101
474.0;94;104;102
480.0;96;104;100
486.0;96;108;96
492.0;97;110;93
498.0;95;111;94
504.0;96;110;94
510.0;96;110;94
516.0;94;110;96
522.0;97;109;94
528.0;96;109;95
534.0;97;110;93
540.0;97;110;93
546.0;97;107;96
552.0;100;105;95
558.0;102;103;95
564.0;102;104;94
570.0;102;105;93
576.0;101;105;94
582.0;101;105;94
588.0;101;104;95
594.0;100;106;94
600.0;100;105;95
606.0;100;105;95
612.0;101;107;92
618.0;103;108;89
624.0;102;109;89
630.0;105;108;87
636.0;103;106;91
642.0;103;106;91
648.0;104;105;91
654.0;103;105;92
660.0;102;104;94
666.0;103;103;94
672.0;103;103;94
678.0;103;106;91
684.0;103;105;92
690.0;104;103;93
696.0;104;104;92
702.0;104;106;90
708.0;105;108;87
714.0;105;111;84
720.0;104;111;85
726.0;104;108;88
732.0;102;109;89
738.0;102;111;87
744.0;100;113;87
750.0;102;113;85
756.0;101;114;85
762.0;100;116;84
768.0;99;117;84
774.0;96;114;90
780.0;95;111;94
786.0;93;116;91
792.0;94;118;88
798.0;94;118;88
804.0;96;116;88
810.0;97;114;89
816.0;96;113;91
822.0;95;110;95
828.0;95;109;96
834.0;97;109;94
840.0;97;111;92
846.0;95;111;94
852.0;94;116;90
858.0;92;115;93
864.0;91;117;92
870.0;91;120;89
876.0;91;121;88
882.0;90;123;87
888.0;89;124;87
894.0;91;120;89
900.0;89;121;90
906.0;88;121;91
912.0;90;122;88
918.0;89;123;88
924.0;88;126;86
930.0;89;125;86
936.0;88;125;87
942.0;88;126;86
948.0;87;124;89
954.0;88;125;87
960.0;89;125;86
966.0;92;126;82
972.0;95;126;79
978.0;92;126;82
984.0;92;125;83
990.0;93;126;81
996.0;93;127;80
1002.0;92;125;83
1008.0;92;125;83
1014.0;92;126;82
1020.0;92;126;82
1026.0;92;125;83
1032.0;92;124;84
1038.0;91;126;83
1044.0;91;129;80
1050.0;93;131;76
1056.0;94;130;76
1062.0;91;130;79
1068.0;92;129;79
1074.0;92;128;80
1080.0;91;127;82
1086.0;92;125;83
1092.0;90;128;82
1098.0;91;129;80
1104.0;92;131;77
1110.0;92;131;77
1116.0;89;133;78
1122.0;87;135;78
1128.0;88;136;76
1134.0;87;136;77
1140.0;87;139;74
1146.0;87;138;75
1152.0;85;135;80
1158.0;85;133;82
1164.0;87;131;82
1170.0;87;128;85
1176.0;86;126;88
1182.0;86;124;90
1188.0;86;127;87
1194.0;85;128;87
1200.0;84;126;90
1206.0;85;125;90
1212.0;86;124;90
1218.0;87;124;89
1224.0;87;124;89
1230.0;86;124;90
1236.0;85;122;93
1242.0;85;122;93
1248.0;86;121;93
1254.0;87;120;93
1260.0;87;119;94
1266.0;86;118;96
1272.0;87;111;102
1278.0;89;110;101
1284.0;89;111;100
1290.0;90;114;96
1296.0;90;116;94
1302.0;88;119;93
1308.0;88;119;93
1314.0;88;116;96
1320.0;91;115;94
1326.0;89;120;91
1332.0;91;118;91
1338.0;90;118;92
1344.0;90;116;94
1350.0;93;116;91
1356.0;94;116;90
1362.0;92;115;93
1368.0;92;119;89
1374.0;95;118;87
1380.0;97;115;88
1386.0;97;116;87
1392.0;95;116;89
1398.0;97;114;89
1404.0;96;114;90
1410.0;94;113;93
1416.0;95;113;92
1422.0;95;111;94
1428.0;94;113;93
1434.0;92;111;97
1440.0;92;109;99
1446.0;92;109;99
1452.0;92;112;96
1458.0;91;113;96
1464.0;92;114;94
1470.0;94;114;92
1476.0;95;115;90
1482.0;95;114;91
1488.0;94;115;91
1494.0;95;115;90
1500.0;95;116;89
1506.0;95;116;89
1512.0;92;117;91
1518.0;91;118;91
1524.0;89;116;95
1530.0;87;118;95
1536.0;86;116;98
1542.0;86;114;100
1548.0;86;114;100
1554.0;86;117;97
1560.0;86;119;95
1566.0;85;122;93
1572.0;84;125;91
1578.0;84;124;92
1584.0;86;124;90
1590.0;88;123;89
1596.0;89;121;90
1602.0;88;121;91
1608.0;87;123;90
1614.0;89;121;90
1620.0;90;120;90
1626.0;89;121;90
1632.0;89;122;89
1638.0;90;120;90
1644.0;92;117;91
1650.0;94;118;88
1656.0;93;119;88
1662.0;94;118;88
1668.0;94;117;89
1674.0;94;116;90
1680.0;92;115;93
1686.0;94;116;90
1692.0;94;113;93
1698.0;93;112;95
1704.0;95;110;95
1710.0;95;110;95
1716.0;96;107;97
1722.0;95;107;98
1728.0;93;108;99
1734.0;91;110;99
1740.0;92;110;98
1746.0;92;110;98
1752.0;94;110;96
1758.0;94;109;97
1764.0;92;112;96
1770.0;90;116;94
1776.0;91;115;94
1782.0;92;117;91
1788.0;91;116;93
1794.0;91;118;91
