#auto generated file!
180.0;178;305;317
186.0;175;306;319
192.0;178;308;314
198.0;180;308;312
204.0;179;306;315
210.0;180;313;307
216.0;180;317;303
222.0;180;315;305
228.0;180;318;302
234.0;179;317;304
240.0;179;317;304
246.0;180;319;301
252.0;185;315;300
258.0;184;314;302
264.0;184;319;297
270.0;184;315;301
276.0;185;315;300
282.0;185;310;305
288.0;186;308;306
294.0;188;306;306
300.0;191;307;302
306.0;189;310;301
312.0;190;308;302
318.0;192;304;304
324.0;194;304;302
330.0;196;304;300
336.0;196;306;298
342.0;198;306;296
348.0;199;309;292
354.0;194;313;293
360.0;196;314;290
366.0;199;316;285
372.0;201;312;287
378.0;198;310;292
384.0;199;302;299
390.0;202;297;301
396.0;205;302;293
402.0;206;304;290
408.0;206;303;291
414.0;206;303;291
420.0;205;305;290
426.0;205;308;287
432.0;203;314;283
438.0;201;315;284
444.0;200;318;282
450.0;203;319;278
456.0;205;315;280
462.0;201;315;284
468.0;201;314;285
474.0;200;312;288
480.0;200;311;289
486.0;199;316;285
492.0;197;318;285
498.0;199;319;282
504.0;202;318;280
510.0;202;319;279
516.0;203;324;273
522.0;206;322;272
528.0;210;319;271
534.0;209;324;267
540.0;212;317;271
546.0;219;316;265
552.0;219;318;263
558.0;222;314;264
564.0;224;311;265
570.0;219;317;264
576.0;221;319;260
582.0;222;317;261
588.0;223;318;259
594.0;222;315;263
600.0;220;315;265
606.0;229;311;260
612.0;230;308;262
618.0;229;308;263
624.0;228;310;262
630.0;227;312;261
636.0;227;313;260
642.0;224;314;262
648.0;226;317;257
654.0;230;319;251
660.0;226;319;255
666.0;222;320;258
672.0;223;324;253
678.0;224;326;250
684.0;229;318;253
690.0;232;316;252
696.0;236;316;248
702.0;233;315;252
708.0;232;313;255
714.0;233;312;255
720.0;230;316;254
726.0;229;317;254
732.0;234;315;251
738.0;239;314;247
744.0;240;316;244
750.0;239;317;244
756.0;239;313;248
762.0;242;310;248
768.0;245;305;250
774.0;242;305;253
780.0;241;299;260
786.0;241;302;257
792.0;242;300;258
798.0;242;298;260
804.0;244;303;253
810.0;246;298;256
816.0;243;303;254
822.0;243;310;247
828.0;242;311;247
834.0;245;310;245
840.0;242;309;249
846.0;244;310;246
852.0;245;310;245
858.0;242;312;246
864.0;243;311;246
870.0;246;312;242
876.0;245;307;248
882.0;248;302;250
888.0;249;299;252
894.0;252;298;250
900.0;252;300;248
906.0;250;301;249
912.0;251;305;244
918.0;253;301;246
924.0;252;305;243
930.0;251;294;255
936.0;250;298;252
942.0;248;300;252
948.0;247;304;249
954.0;246;303;251
960.0;248;299;253
966.0;248;303;249
972.0;249;299;252
978.0;251;295;254
984.0;247;300;253
990.0;245;304;251
996.0;247;306;247
1002.0;245;307;248
1008.0;243;310;247
1014.0;240;310;250
1020.0;238;309;253
1026.0;236;311;253
1032.0;237;310;253
1038.0;239;313;248
1044.0;240;315;245
1050.0;240;318;242
1056.0;242;314;244
1062.0;247;311;242
1068.0;246;317;237
1074.0;246;318;236
1080.0;248;316;236
1086.0;245;320;235
1092.0;244;319;237
1098.0;243;318;239
1104.0;240;315;245
1110.0;241;315;244
1116.0;245;315;240
1122.0;247;312;241
1128.0;246;307;247
1134.0;247;309;244
1140.0;252;311;237
1146.0;252;311;237
1152.0;250;309;241
1158.0;248;306;246
1164.0;253;310;237
1170.0;251;310;239
1176.0;254;311;235
1182.0;253;312;235
1188.0;255;314;231
1194.0;254;315;231
1200.0;256;313;231
1206.0;257;314;229
1212.0;259;317;224
1218.0;261;315;224
1224.0;258;315;227
1230.0;254;311;235
1236.0;254;315;231
1242.0;252;316;232
1248.0;252;314;234
1254.0;253;317;230
1260.0;249;317;234
1266.0;247;319;234
1272.0;247;316;237
1278.0;247;315;238
1284.0;249;312;239
1290.0;249;314;237
1296.0;246;324;230
1302.0;247;323;230
1308.0;245;326;229
1314.0;244;322;234
1320.0;243;316;241
1326.0;242;316;242
1332.0;241;313;246
1338.0;240;310;250
1344.0;240;308;252
1350.0;237;301;262
1356.0;234;305;261
1362.0;232;307;261
1368.0;234;307;259
1374.0;236;308;256
1380.0;238;308;254
1386.0;239;304;257
1392.0;241;299;260
1398.0;239;300;261
1404.0;242;300;258
1410.0;244;299;257
1416.0;246;294;260
1422.0;243;293;264
1428.0;244;291;265
1434.0;244;296;260
1440.0;244;297;259
1446.0;244;301;255
1452.0;246;302;252
1458.0;245;301;254
1464.0;244;300;256
1470.0;243;299;258
1476.0;241;299;260
1482.0;243;303;254
1488.0;247;305;248
1494.0;251;304;245
1500.0;248;301;251
1506.0;247;303;250
1512.0;250;301;249
1518.0;248;303;249
1524.0;253;302;245
1530.0;251;304;245
1536.0;250;306;244
1542.0;249;306;245
1548.0;249;297;254
1554.0;252;295;253
1560.0;249;296;255
1566.0;250;293;257
1572.0;245;294;261
1578.0;244;294;262
1584.0;245;295;260
1590.0;245;295;260
1596.0;245;297;258
1602.0;244;295;261
1608.0;245;294;261
1614.0;246;295;259
1620.0;249;294;257
1626.0;250;292;258
1632.0;248;299;253
1638.0;249;303;248
1644.0;255;303;242
1650.0;255;302;243
1656.0;256;302;242
1662.0;258;303;239
1668.0;262;306;232
1674.0;264;303;233
1680.0;262;313;225
1686.0;261;315;224
1692.0;264;314;222
1698.0;267;316;217
1704.0;266;321;213
1710.0;264;320;216
1716.0;264;316;220
1722.0;263;319;218
1728.0;267;318;215
1734.0;266;317;217
1740.0;270;313;217
1746.0;269;311;220
1752.0;268;310;222
1758.0;268;310;222
1764.0;270;306;224
1770.0;275;304;221
1776.0;271;306;223
1782.0;272;304;224
1788.0;273;302;225
1794.0;276;301;223
