#auto generated file!
180.0;105;186;209
186.0;106;184;210
192.0;107;185;208
198.0;108;184;208
204.0;109;181;210
210.0;110;180;210
216.0;108;182;210
222.0;111;184;205
228.0;113;184;203
234.0;114;188;198
240.0;116;188;196
246.0;117;190;193
252.0;120;192;188
258.0;122;192;186
264.0;121;191;188
270.0;123;193;184
276.0;125;191;184
282.0;126;191;183
288.0;127;192;181
294.0;130;195;175
300.0;131;192;177
306.0;130;192;178
312.0;132;191;177
318.0;130;192;178
324.0;130;191;179
330.0;130;192;178
336.0;133;191;176
342.0;133;190;177
348.0;133;193;174
354.0;135;196;169
360.0;134;195;171
366.0;134;194;172
372.0;133;193;174
378.0;131;193;176
384.0;134;195;171
390.0;136;193;171
396.0;135;194;171
402.0;137;193;170
408.0;141;192;167
414.0;142;191;167
420.0;143;190;167
426.0;148;188;164
432.0;152;187;161
438.0;152;183;165
444.0;155;181;164
450.0;153;184;163
456.0;153;183;164
462.0;153;186;161
468.0;153;185;162
474.0;153;187;160
480.0;153;187;160
486.0;155;189;156
492.0;156;192;152
498.0;156;188;156
504.0;158;188;154
510.0;159;186;155
516.0;158;186;156
522.0;156;188;156
528.0;157;186;157
534.0;158;186;156
540.0;158;185;157
546.0;162;182;156
552.0;164;182;154
558.0;164;183;153
564.0;163;185;152
570.0;160;183;157
576.0;156;183;161
582.0;156;183;161
588.0;157;186;157
594.0;156;189;155
600.0;157;192;151
606.0;155;191;154
612.0;155;191;154
618.0;155;187;158
624.0;155;187;158
630.0;157;186;157
636.0;158;184;158
642.0;155;184;161
648.0;156;187;157
654.0;154;190;156
660.0;153;191;156
666.0;154;192;154
672.0;153;189;158
678.0;151;192;157
684.0;150;194;156
690.0;152;194;154
696.0;154;189;157
702.0;150;188;162
708.0;147;186;167
714.0;147;188;165
720.0;149;187;164
726.0;151;187;162
732.0;154;183;163
738.0;155;181;164
744.0;156;179;165
750.0;157;180;163
756.0;159;177;164
762.0;156;177;167
768.0;155;182;163
774.0;157;183;160
780.0;155;182;163
786.0;154;178;168
792.0;154;176;170
798.0;153;172;175
804.0;152;173;175
810.0;152;171;177
816.0;153;169;178
822.0;149;171;180
828.0;150;174;176
834.0;150;174;176
840.0;152;174;174
846.0;156;175;169
852.0;156;176;168
858.0;154;177;169
864.0;157;176;167
870.0;160;181;159
876.0;161;181;158
882.0;160;182;158
888.0;159;183;158
894.0;159;181;160
900.0;159;180;161
906.0;159;184;157
912.0;160;183;157
918.0;159;184;157
924.0;157;186;157
930.0;161;185;154
936.0;161;184;155
942.0;159;191;150
948.0;160;190;150
954.0;163;188;149
960.0;163;189;148
966.0;163;192;145
972.0;163;190;147
978.0;163;193;144
984.0;164;188;148
990.0;163;188;149
996.0;161;184;155
1002.0;161;186;153
1008.0;163;188;149
1014.0;163;192;145
1020.0;162;192;146
1026.0;164;194;142
1032.0;161;197;142
1038.0;160;198;142
1044.0;161;195;144
1050.0;164;200;136
1056.0;167;201;132
1062.0;168;203;129
1068.0;169;199;132
1074.0;169;199;132
1080.0;170;198;132
1086.0;169;201;130
1092.0;168;202;130
1098.0;168;199;133
1104.0;168;196;136
1110.0;167;196;137
1116.0;168;195;137
1122.0;170;196;134
1128.0;169;194;137
1134.0;171;190;139
1140.0;174;191;135
1146.0;170;192;138
1152.0;171;191;138
1158.0;170;190;140
1164.0;172;189;139
1170.0;174;192;134
1176.0;173;193;134
1182.0;169;194;137
1188.0;166;191;143
1194.0;165;191;144
1200.0;162;193;145
1206.0;161;192;147
1212.0;159;197;144
1218.0;159;197;144
1224.0;160;197;143
1230.0;163;199;138
1236.0;163;200;137
1242.0;160;197;143
1248.0;159;200;141
1254.0;158;196;146
1260.0;156;199;145
1266.0;157;196;147
1272.0;156;201;143
1278.0;153;204;143
1284.0;156;204;140
1290.0;155;204;141
1296.0;156;203;141
1302.0;159;200;141
1308.0;160;200;140
1314.0;162;198;140
1320.0;161;199;140
1326.0;158;200;142
1332.0;157;199;144
1338.0;156;203;141
1344.0;156;200;144
1350.0;158;200;142
1356.0;158;198;144
1362.0;159;196;145
1368.0;159;195;146
1374.0;159;197;144
1380.0;160;199;141
1386.0;153;201;146
1392.0;152;199;149
1398.0;152;199;149
1404.0;154;198;148
1410.0;156;199;145
1416.0;157;198;145
1422.0;159;194;147
1428.0;158;193;149
1434.0;157;190;153
1440.0;159;188;153
1446.0;162;187;151
1452.0;162;188;150
1458.0;162;192;146
1464.0;163;197;140
1470.0;163;195;142
1476.0;163;192;145
1482.0;163;194;143
1488.0;162;192;146
1494.0;164;190;146
1500.0;165;189;146
1506.0;165;187;148
1512.0;165;186;149
1518.0;166;180;154
1524.0;166;180;154
1530.0;167;180;153
1536.0;168;181;151
1542.0;164;183;153
1548.0;163;186;151
1554.0;162;184;154
1560.0;165;186;149
1566.0;169;185;146
1572.0;169;189;142
1578.0;168;188;144
1584.0;165;189;146
1590.0;163;189;148
1596.0;163;194;143
1602.0;164;191;145
1608.0;162;192;146
1614.0;162;195;143
1620.0;163;194;143
1626.0;164;194;142
1632.0;164;195;141
1638.0;163;193;144
1644.0;165;195;140
1650.0;164;195;141
1656.0;165;196;139
1662.0;168;196;136
1668.0;165;200;135
1674.0;165;204;131
1680.0;166;202;132
1686.0;165;203;132
1692.0;168;203;129
1698.0;171;202;127
1704.0;172;203;125
1710.0;171;205;124
1716.0;169;205;126
1722.0;170;208;122
1728.0;170;209;121
1734.0;172;206;122
1740.0;172;204;124
1746.0;170;209;121
1752.0;168;207;125
1758.0;168;202;130
1764.0;167;200;133
1770.0;167;199;134
1776.0;168;197;135
1782.0;167;196;137
1788.0;168;193;139
1794.0;166;193;141
