#auto generated file!
180.0;122;167;211
186.0;120;171;209
192.0;123;168;209
198.0;122;168;210
204.0;124;169;207
210.0;126;170;204
216.0;129;169;202
222.0;133;172;195
228.0;137;171;192
234.0;133;176;191
240.0;135;178;187
246.0;135;179;186
252.0;135;178;187
258.0;134;175;191
264.0;135;173;192
270.0;136;175;189
276.0;137;176;187
282.0;138;185;177
288.0;141;185;174
294.0;141;185;174
300.0;140;184;176
306.0;142;181;177
312.0;142;186;172
318.0;144;186;170
324.0;145;186;169
330.0;145;187;168
336.0;146;191;163
342.0;145;188;167
348.0;145;184;171
354.0;144;184;172
360.0;144;182;174
366.0;142;182;176
372.0;144;183;173
378.0;141;183;176
384.0;143;183;174
390.0;144;178;178
396.0;141;186;173
402.0;140;186;174
408.0;140;190;170
414.0;140;186;174
420.0;139;187;174
426.0;138;189;173
432.0;140;189;171
438.0;140;190;170
444.0;140;194;166
450.0;139;194;167
456.0;139;193;168
462.0;141;197;162
468.0;142;198;160
474.0;144;194;162
480.0;142;194;164
486.0;140;199;161
492.0;137;203;160
498.0;138;201;161
504.0;138;204;158
510.0;140;207;153
516.0;143;205;152
522.0;142;203;155
528.0;145;203;152
534.0;145;204;151
540.0;145;202;153
546.0;142;201;157
552.0;143;202;155
558.0;147;200;153
564.0;146;202;152
570.0;147;204;149
576.0;145;206;149
582.0;146;204;150
588.0;146;207;147
594.0;146;204;150
600.0;144;203;153
606.0;143;204;153
612.0;143;200;157
618.0;145;197;158
624.0;142;195;163
630.0;144;194;162
636.0;145;194;161
642.0;146;196;158
648.0;143;195;162
654.0;144;191;165
660.0;145;190;165
666.0;147;187;166
672.0;146;189;165
678.0;144;189;167
684.0;145;187;168
690.0;144;187;169
696.0;145;190;165
702.0;144;193;163
708.0;150;194;156
714.0;151;194;155
720.0;152;193;155
726.0;152;196;152
732.0;151;197;152
738.0;150;201;149
744.0;150;201;149
750.0;149;200;151
756.0;149;196;155
762.0;148;195;157
768.0;147;197;156
774.0;150;198;152
780.0;146;203;151
786.0;144;208;148
792.0;143;210;147
798.0;145;206;149
804.0;143;206;151
810.0;145;205;150
816.0;146;202;152
822.0;145;206;149
828.0;146;204;150
834.0;146;210;144
840.0;143;210;147
846.0;144;211;145
852.0;143;212;145
858.0;142;210;148
864.0;144;205;151
870.0;148;206;146
876.0;147;204;149
882.0;147;205;148
888.0;149;203;148
894.0;147;203;150
900.0;150;201;149
906.0;151;205;144
912.0;153;204;143
918.0;154;204;142
924.0;152;202;146
930.0;152;203;145
936.0;151;201;148
942.0;153;199;148
948.0;152;195;153
954.0;152;195;153
960.0;154;193;153
966.0;154;191;155
972.0;152;192;156
978.0;153;196;151
984.0;152;194;154
990.0;154;195;151
996.0;154;192;154
1002.0;154;193;153
1008.0;155;193;152
1014.0;158;193;149
1020.0;155;194;151
1026.0;156;192;152
1032.0;156;191;153
1038.0;157;194;149
1044.0;159;191;150
1050.0;161;189;150
1056.0;160;191;149
1062.0;161;196;143
1068.0;163;197;140
1074.0;165;196;139
1080.0;166;194;140
1086.0;166;192;142
1092.0;171;193;136
1098.0;171;191;138
1104.0;172;192;136
1110.0;171;193;136
1116.0;172;192;136
1122.0;171;192;137
1128.0;173;191;136
1134.0;169;191;140
1140.0;167;190;143
1146.0;164;190;146
1152.0;163;190;147
1158.0;164;189;147
1164.0;163;191;146
1170.0;165;190;145
1176.0;164;188;148
1182.0;168;189;143
1188.0;170;186;144
1194.0;171;187;142
1200.0;175;185;140
1206.0;172;187;141
1212.0;171;190;139
1218.0;172;190;138
1224.0;172;189;139
1230.0;172;188;140
1236.0;168;189;143
1242.0;165;188;147
1248.0;168;187;145
1254.0;167;188;145
1260.0;168;187;145
1266.0;169;182;149
1272.0;169;181;150
1278.0;172;182;146
1284.0;172;183;145
1290.0;169;183;148
1296.0;169;182;149
1302.0;168;182;150
1308.0;168;182;150
1314.0;165;182;153
1320.0;167;183;150
1326.0;165;182;153
1332.0;166;182;152
1338.0;166;181;153
1344.0;167;184;149
1350.0;165;187;148
1356.0;165;186;149
1362.0;164;186;150
1368.0;164;184;152
1374.0;165;183;152
1380.0;163;187;150
1386.0;163;190;147
1392.0;163;190;147
1398.0;163;188;149
1404.0;158;190;152
1410.0;160;191;149
1416.0;156;194;150
1422.0;153;194;153
1428.0;153;191;156
1434.0;151;187;162
1440.0;150;191;159
1446.0;150;189;161
1452.0;150;188;162
1458.0;152;190;158
1464.0;152;195;153
1470.0;152;200;148
1476.0;152;200;148
1482.0;152;196;152
1488.0;154;199;147
1494.0;152;200;148
1500.0;154;198;148
1506.0;155;201;144
1512.0;152;201;147
1518.0;150;201;149
1524.0;149;197;154
1530.0;147;197;156
1536.0;148;197;155
1542.0;149;194;157
1548.0;150;194;156
1554.0;152;195;153
1560.0;153;192;155
1566.0;154;193;153
1572.0;154;192;154
1578.0;155;189;156
1584.0;153;188;159
1590.0;155;187;158
1596.0;155;187;158
1602.0;154;187;159
1608.0;159;185;156
1614.0;158;186;156
1620.0;159;186;155
1626.0;161;190;149
1632.0;163;193;144
1638.0;164;193;143
1644.0;165;194;141
1650.0;165;198;137
1656.0;166;201;133
1662.0;168;199;133
1668.0;167;197;136
1674.0;167;199;134
1680.0;165;203;132
1686.0;163;204;133
1692.0;163;204;133
1698.0;159;202;139
1704.0;155;200;145
1710.0;155;198;147
1716.0;159;195;146
1722.0;161;192;147
1728.0;161;188;151
1734.0;161;187;152
1740.0;160;187;153
1746.0;159;188;153
1752.0;156;189;155
1758.0;158;192;150
1764.0;154;192;154
1770.0;153;192;155
1776.0;152;189;159
1782.0;155;188;157
1788.0;151;184;165
1794.0;148;185;167
